#
# There is insufficient memory for the Java Runtime Environment to continue.
# Native memory allocation (malloc) failed to allocate 32744 bytes. Error detail: Chunk::new
# Possible reasons:
#   The system is out of physical RAM or swap space
#   This process is running with CompressedOops enabled, and the Java Heap may be blocking the growth of the native heap
# Possible solutions:
#   Reduce memory load on the system
#   Increase physical memory or swap space
#   Check if swap backing store is full
#   Decrease Java heap size (-Xmx/-Xms)
#   Decrease number of Java threads
#   Decrease Java thread stack sizes (-Xss)
#   Set larger code cache with -XX:ReservedCodeCacheSize=
#   JVM is running with Unscaled Compressed Oops mode in which the Java heap is
#     placed in the first 4GB address space. The Java Heap base address is the
#     maximum limit for the native heap growth. Please use -XX:HeapBaseMinAddress
#     to set the Java Heap base and to place the Java Heap above 4GB virtual address.
# This output file may be truncated or incomplete.
#
#  Out of Memory Error (arena.cpp:168), pid=11472, tid=9564
#
# JRE version: OpenJDK Runtime Environment JBR-21.0.3+13-509.11-jcef (21.0.3+13) (build 21.0.3+13-b509.11)
# Java VM: OpenJDK 64-Bit Server VM JBR-21.0.3+13-509.11-jcef (21.0.3+13-b509.11, mixed mode, tiered, compressed oops, compressed class ptrs, g1 gc, windows-amd64)
# No core dump will be written. Minidumps are not enabled by default on client versions of Windows
#

---------------  S U M M A R Y ------------

Command Line: git4idea.http.GitAskPassApp Username for 'https://github.com': 

Host: Intel(R) Core(TM) i3-4170 CPU @ 3.70GHz, 4 cores, 7G,  Windows 7 , 64 bit Build 7601 (6.1.7601.24545)
Time: Mon Mar 17 20:17:14 2025 中国标准时间 elapsed time: 0.821106 seconds (0d 0h 0m 0s)

---------------  T H R E A D  ---------------

Current thread (0x000000001b3f45f0):  JavaThread "C2 CompilerThread1" daemon [_thread_in_native, id=9564, stack(0x00000000210a0000,0x00000000211a0000) (1024K)]


Current CompileTask:
C2:    821 1087       4       sun.security.ec.point.ProjectivePoint$Mutable::conditionalSet (53 bytes)

Stack: [0x00000000210a0000,0x00000000211a0000]
Native frames: (J=compiled Java code, j=interpreted, Vv=VM code, C=native code)
V  [jvm.dll+0x6e02f9]
V  [jvm.dll+0x8bd383]
V  [jvm.dll+0x8bf8de]
V  [jvm.dll+0x8bffc3]
V  [jvm.dll+0x2879c6]
V  [jvm.dll+0xc60ad]
V  [jvm.dll+0xc65e3]
V  [jvm.dll+0x3c5b4c]
V  [jvm.dll+0x3c5121]
V  [jvm.dll+0x3c5164]
V  [jvm.dll+0x5e81d2]
V  [jvm.dll+0x5e8922]
V  [jvm.dll+0x1e5919]
V  [jvm.dll+0x24f524]
V  [jvm.dll+0x24e9a1]
V  [jvm.dll+0x1cd034]
V  [jvm.dll+0x25e13c]
V  [jvm.dll+0x25c616]
V  [jvm.dll+0x3fb056]
V  [jvm.dll+0x865338]
V  [jvm.dll+0x6deb3d]
C  [ucrtbase.DLL+0x1cab0]
C  [kernel32.dll+0x1556d]
C  [ntdll.dll+0x5372d]


---------------  P R O C E S S  ---------------

Threads class SMR info:
_java_thread_list=0x0000000020ba9160, length=15, elements={
0x00000000000edb70, 0x000000001b2d5270, 0x000000001b2d6500, 0x000000001b03e190,
0x000000001b03ebf0, 0x000000001b03fbc0, 0x000000001b024890, 0x000000001b026090,
0x000000001b0271d0, 0x000000001b473ea0, 0x000000001b47b6d0, 0x000000001b3f45f0,
0x0000000020b26550, 0x0000000020bb0020, 0x0000000020bba410
}

Java Threads: ( => current thread )
  0x00000000000edb70 JavaThread "main"                              [_thread_blocked, id=9456, stack(0x0000000002110000,0x0000000002210000) (1024K)]
  0x000000001b2d5270 JavaThread "Reference Handler"          daemon [_thread_blocked, id=2976, stack(0x000000001b6f0000,0x000000001b7f0000) (1024K)]
  0x000000001b2d6500 JavaThread "Finalizer"                  daemon [_thread_blocked, id=10908, stack(0x000000001b930000,0x000000001ba30000) (1024K)]
  0x000000001b03e190 JavaThread "Signal Dispatcher"          daemon [_thread_blocked, id=11052, stack(0x000000001baa0000,0x000000001bba0000) (1024K)]
  0x000000001b03ebf0 JavaThread "Attach Listener"            daemon [_thread_blocked, id=6212, stack(0x000000001bd10000,0x000000001be10000) (1024K)]
  0x000000001b03fbc0 JavaThread "Service Thread"             daemon [_thread_blocked, id=11000, stack(0x000000001bbd0000,0x000000001bcd0000) (1024K)]
  0x000000001b024890 JavaThread "Monitor Deflation Thread"   daemon [_thread_blocked, id=10960, stack(0x0000000020050000,0x0000000020150000) (1024K)]
  0x000000001b026090 JavaThread "C2 CompilerThread0"         daemon [_thread_in_native, id=1696, stack(0x000000001be20000,0x000000001bf20000) (1024K)]
  0x000000001b0271d0 JavaThread "C1 CompilerThread0"         daemon [_thread_in_vm, id=7544, stack(0x0000000020160000,0x0000000020260000) (1024K)]
  0x000000001b473ea0 JavaThread "Notification Thread"        daemon [_thread_blocked, id=9848, stack(0x0000000020380000,0x0000000020480000) (1024K)]
  0x000000001b47b6d0 JavaThread "Common-Cleaner"             daemon [_thread_blocked, id=6504, stack(0x00000000205c0000,0x00000000206c0000) (1024K)]
=>0x000000001b3f45f0 JavaThread "C2 CompilerThread1"         daemon [_thread_in_native, id=9564, stack(0x00000000210a0000,0x00000000211a0000) (1024K)]
  0x0000000020b26550 JavaThread "HttpClient-1-SelectorManager" daemon [_thread_in_native, id=2532, stack(0x00000000212b0000,0x00000000213b0000) (1024K)]
  0x0000000020bb0020 JavaThread "HttpClient-1-Worker-0"      daemon [_thread_in_vm, id=5600, stack(0x0000000020260000,0x0000000020360000) (1024K)]
  0x0000000020bba410 JavaThread "HttpClient-1-Worker-1"      daemon [_thread_blocked, id=10352, stack(0x00000000214d0000,0x00000000215d0000) (1024K)]
Total: 15

Other Threads:
  0x000000001afb4bc0 VMThread "VM Thread"                           [id=2328, stack(0x000000001b1c0000,0x000000001b2c0000) (1024K)]
  0x000000001af2b310 WatcherThread "VM Periodic Task Thread"        [id=11352, stack(0x000000001b0c0000,0x000000001b1c0000) (1024K)]
  0x000000000014ac10 WorkerThread "GC Thread#0"                     [id=5636, stack(0x0000000018360000,0x0000000018460000) (1024K)]
  0x0000000020eebf20 WorkerThread "GC Thread#1"                     [id=7944, stack(0x00000000213c0000,0x00000000214c0000) (1024K)]
  0x0000000020eec6c0 WorkerThread "GC Thread#2"                     [id=4956, stack(0x00000000215d0000,0x00000000216d0000) (1024K)]
  0x0000000020c36c00 WorkerThread "GC Thread#3"                     [id=12340, stack(0x00000000216d0000,0x00000000217d0000) (1024K)]
  0x000000000015fa20 ConcurrentGCThread "G1 Main Marker"            [id=7668, stack(0x00000000185e0000,0x00000000186e0000) (1024K)]
  0x00000000026f14a0 WorkerThread "G1 Conc#0"                       [id=800, stack(0x0000000018480000,0x0000000018580000) (1024K)]
  0x0000000002781260 ConcurrentGCThread "G1 Refine#0"               [id=4692, stack(0x000000001abb0000,0x000000001acb0000) (1024K)]
  0x0000000002781be0 ConcurrentGCThread "G1 Service"                [id=12320, stack(0x000000001ad50000,0x000000001ae50000) (1024K)]
Total: 10

Threads with active compile tasks:
C2 CompilerThread0      892 1093       4       sun.security.ec.ECOperations::setDouble (463 bytes)
C1 CompilerThread0      893 1099       3       sun.security.ec.ECOperations$PointMultiplier$Secp256R1GeneratorMultiplier::bit (13 bytes)
C2 CompilerThread1      893 1087       4       sun.security.ec.point.ProjectivePoint$Mutable::conditionalSet (53 bytes)
Total: 3

VM state: not at safepoint (normal execution)

VM Mutex/Monitor currently owned by a thread:  ([mutex/lock_event])
[0x000007fee233f558] Metaspace_lock - owner thread: 0x0000000020bb0020

Heap address: 0x0000000080c00000, size: 2036 MB, Compressed Oops mode: 32-bit

CDS archive(s) not mapped
Compressed class space mapped at: 0x0000000140000000-0x0000000180000000, reserved size: 1073741824
Narrow klass base: 0x0000000000000000, Narrow klass shift: 3, Narrow klass range: 0x180000000

GC Precious Log:
 CardTable entry size: 512
 Card Set container configuration: InlinePtr #cards 5 size 8 Array Of Cards #cards 12 size 40 Howl #buckets 4 coarsen threshold 1843 Howl Bitmap #cards 512 size 80 coarsen threshold 460 Card regions per heap region 1 cards per card region 2048
 CPUs: 4 total, 4 available
 Memory: 8142M
 Large Page Support: Disabled
 NUMA Support: Disabled
 Compressed Oops: Enabled (32-bit)
 Heap Region Size: 1M
 Heap Min Capacity: 8M
 Heap Initial Capacity: 128M
 Heap Max Capacity: 2036M
 Pre-touch: Disabled
 Parallel Workers: 4
 Concurrent Workers: 1
 Concurrent Refinement Workers: 4
 Periodic GC: Disabled

Heap:
 garbage-first heap   total 131072K, used 3519K [0x0000000080c00000, 0x0000000100000000)
  region size 1024K, 4 young (4096K), 2 survivors (2048K)
 Metaspace       used 16864K, committed 17088K, reserved 1114112K
  class space    used 1663K, committed 1792K, reserved 1048576K

Heap Regions: E=young(eden), S=young(survivor), O=old, HS=humongous(starts), HC=humongous(continues), CS=collection set, F=free, TAMS=top-at-mark-start, PB=parsable bottom
|   0|0x0000000080c00000, 0x0000000080c6ff90, 0x0000000080d00000| 43%| O|  |TAMS 0x0000000080c00000| PB 0x0000000080c00000| Untracked 
|   1|0x0000000080d00000, 0x0000000080d00000, 0x0000000080e00000|  0%| F|  |TAMS 0x0000000080d00000| PB 0x0000000080d00000| Untracked 
|   2|0x0000000080e00000, 0x0000000080e00000, 0x0000000080f00000|  0%| F|  |TAMS 0x0000000080e00000| PB 0x0000000080e00000| Untracked 
|   3|0x0000000080f00000, 0x0000000080f00000, 0x0000000081000000|  0%| F|  |TAMS 0x0000000080f00000| PB 0x0000000080f00000| Untracked 
|   4|0x0000000081000000, 0x0000000081000000, 0x0000000081100000|  0%| F|  |TAMS 0x0000000081000000| PB 0x0000000081000000| Untracked 
|   5|0x0000000081100000, 0x0000000081100000, 0x0000000081200000|  0%| F|  |TAMS 0x0000000081100000| PB 0x0000000081100000| Untracked 
|   6|0x0000000081200000, 0x0000000081200000, 0x0000000081300000|  0%| F|  |TAMS 0x0000000081200000| PB 0x0000000081200000| Untracked 
|   7|0x0000000081300000, 0x0000000081300000, 0x0000000081400000|  0%| F|  |TAMS 0x0000000081300000| PB 0x0000000081300000| Untracked 
|   8|0x0000000081400000, 0x0000000081400000, 0x0000000081500000|  0%| F|  |TAMS 0x0000000081400000| PB 0x0000000081400000| Untracked 
|   9|0x0000000081500000, 0x0000000081500000, 0x0000000081600000|  0%| F|  |TAMS 0x0000000081500000| PB 0x0000000081500000| Untracked 
|  10|0x0000000081600000, 0x0000000081600000, 0x0000000081700000|  0%| F|  |TAMS 0x0000000081600000| PB 0x0000000081600000| Untracked 
|  11|0x0000000081700000, 0x0000000081700000, 0x0000000081800000|  0%| F|  |TAMS 0x0000000081700000| PB 0x0000000081700000| Untracked 
|  12|0x0000000081800000, 0x0000000081800000, 0x0000000081900000|  0%| F|  |TAMS 0x0000000081800000| PB 0x0000000081800000| Untracked 
|  13|0x0000000081900000, 0x0000000081900000, 0x0000000081a00000|  0%| F|  |TAMS 0x0000000081900000| PB 0x0000000081900000| Untracked 
|  14|0x0000000081a00000, 0x0000000081a00000, 0x0000000081b00000|  0%| F|  |TAMS 0x0000000081a00000| PB 0x0000000081a00000| Untracked 
|  15|0x0000000081b00000, 0x0000000081b00000, 0x0000000081c00000|  0%| F|  |TAMS 0x0000000081b00000| PB 0x0000000081b00000| Untracked 
|  16|0x0000000081c00000, 0x0000000081c00000, 0x0000000081d00000|  0%| F|  |TAMS 0x0000000081c00000| PB 0x0000000081c00000| Untracked 
|  17|0x0000000081d00000, 0x0000000081d00000, 0x0000000081e00000|  0%| F|  |TAMS 0x0000000081d00000| PB 0x0000000081d00000| Untracked 
|  18|0x0000000081e00000, 0x0000000081e00000, 0x0000000081f00000|  0%| F|  |TAMS 0x0000000081e00000| PB 0x0000000081e00000| Untracked 
|  19|0x0000000081f00000, 0x0000000081f00000, 0x0000000082000000|  0%| F|  |TAMS 0x0000000081f00000| PB 0x0000000081f00000| Untracked 
|  20|0x0000000082000000, 0x0000000082000000, 0x0000000082100000|  0%| F|  |TAMS 0x0000000082000000| PB 0x0000000082000000| Untracked 
|  21|0x0000000082100000, 0x0000000082100000, 0x0000000082200000|  0%| F|  |TAMS 0x0000000082100000| PB 0x0000000082100000| Untracked 
|  22|0x0000000082200000, 0x0000000082200000, 0x0000000082300000|  0%| F|  |TAMS 0x0000000082200000| PB 0x0000000082200000| Untracked 
|  23|0x0000000082300000, 0x0000000082300000, 0x0000000082400000|  0%| F|  |TAMS 0x0000000082300000| PB 0x0000000082300000| Untracked 
|  24|0x0000000082400000, 0x0000000082400000, 0x0000000082500000|  0%| F|  |TAMS 0x0000000082400000| PB 0x0000000082400000| Untracked 
|  25|0x0000000082500000, 0x0000000082500000, 0x0000000082600000|  0%| F|  |TAMS 0x0000000082500000| PB 0x0000000082500000| Untracked 
|  26|0x0000000082600000, 0x0000000082600000, 0x0000000082700000|  0%| F|  |TAMS 0x0000000082600000| PB 0x0000000082600000| Untracked 
|  27|0x0000000082700000, 0x0000000082700000, 0x0000000082800000|  0%| F|  |TAMS 0x0000000082700000| PB 0x0000000082700000| Untracked 
|  28|0x0000000082800000, 0x0000000082800000, 0x0000000082900000|  0%| F|  |TAMS 0x0000000082800000| PB 0x0000000082800000| Untracked 
|  29|0x0000000082900000, 0x0000000082900000, 0x0000000082a00000|  0%| F|  |TAMS 0x0000000082900000| PB 0x0000000082900000| Untracked 
|  30|0x0000000082a00000, 0x0000000082a00000, 0x0000000082b00000|  0%| F|  |TAMS 0x0000000082a00000| PB 0x0000000082a00000| Untracked 
|  31|0x0000000082b00000, 0x0000000082b00000, 0x0000000082c00000|  0%| F|  |TAMS 0x0000000082b00000| PB 0x0000000082b00000| Untracked 
|  32|0x0000000082c00000, 0x0000000082c00000, 0x0000000082d00000|  0%| F|  |TAMS 0x0000000082c00000| PB 0x0000000082c00000| Untracked 
|  33|0x0000000082d00000, 0x0000000082d00000, 0x0000000082e00000|  0%| F|  |TAMS 0x0000000082d00000| PB 0x0000000082d00000| Untracked 
|  34|0x0000000082e00000, 0x0000000082e00000, 0x0000000082f00000|  0%| F|  |TAMS 0x0000000082e00000| PB 0x0000000082e00000| Untracked 
|  35|0x0000000082f00000, 0x0000000082f00000, 0x0000000083000000|  0%| F|  |TAMS 0x0000000082f00000| PB 0x0000000082f00000| Untracked 
|  36|0x0000000083000000, 0x0000000083000000, 0x0000000083100000|  0%| F|  |TAMS 0x0000000083000000| PB 0x0000000083000000| Untracked 
|  37|0x0000000083100000, 0x0000000083100000, 0x0000000083200000|  0%| F|  |TAMS 0x0000000083100000| PB 0x0000000083100000| Untracked 
|  38|0x0000000083200000, 0x0000000083200000, 0x0000000083300000|  0%| F|  |TAMS 0x0000000083200000| PB 0x0000000083200000| Untracked 
|  39|0x0000000083300000, 0x0000000083300000, 0x0000000083400000|  0%| F|  |TAMS 0x0000000083300000| PB 0x0000000083300000| Untracked 
|  40|0x0000000083400000, 0x0000000083400000, 0x0000000083500000|  0%| F|  |TAMS 0x0000000083400000| PB 0x0000000083400000| Untracked 
|  41|0x0000000083500000, 0x0000000083500000, 0x0000000083600000|  0%| F|  |TAMS 0x0000000083500000| PB 0x0000000083500000| Untracked 
|  42|0x0000000083600000, 0x0000000083600000, 0x0000000083700000|  0%| F|  |TAMS 0x0000000083600000| PB 0x0000000083600000| Untracked 
|  43|0x0000000083700000, 0x0000000083700000, 0x0000000083800000|  0%| F|  |TAMS 0x0000000083700000| PB 0x0000000083700000| Untracked 
|  44|0x0000000083800000, 0x0000000083800000, 0x0000000083900000|  0%| F|  |TAMS 0x0000000083800000| PB 0x0000000083800000| Untracked 
|  45|0x0000000083900000, 0x0000000083900000, 0x0000000083a00000|  0%| F|  |TAMS 0x0000000083900000| PB 0x0000000083900000| Untracked 
|  46|0x0000000083a00000, 0x0000000083a00000, 0x0000000083b00000|  0%| F|  |TAMS 0x0000000083a00000| PB 0x0000000083a00000| Untracked 
|  47|0x0000000083b00000, 0x0000000083b00000, 0x0000000083c00000|  0%| F|  |TAMS 0x0000000083b00000| PB 0x0000000083b00000| Untracked 
|  48|0x0000000083c00000, 0x0000000083c00000, 0x0000000083d00000|  0%| F|  |TAMS 0x0000000083c00000| PB 0x0000000083c00000| Untracked 
|  49|0x0000000083d00000, 0x0000000083d00000, 0x0000000083e00000|  0%| F|  |TAMS 0x0000000083d00000| PB 0x0000000083d00000| Untracked 
|  50|0x0000000083e00000, 0x0000000083e00000, 0x0000000083f00000|  0%| F|  |TAMS 0x0000000083e00000| PB 0x0000000083e00000| Untracked 
|  51|0x0000000083f00000, 0x0000000083f00000, 0x0000000084000000|  0%| F|  |TAMS 0x0000000083f00000| PB 0x0000000083f00000| Untracked 
|  52|0x0000000084000000, 0x0000000084000000, 0x0000000084100000|  0%| F|  |TAMS 0x0000000084000000| PB 0x0000000084000000| Untracked 
|  53|0x0000000084100000, 0x0000000084100000, 0x0000000084200000|  0%| F|  |TAMS 0x0000000084100000| PB 0x0000000084100000| Untracked 
|  54|0x0000000084200000, 0x0000000084200000, 0x0000000084300000|  0%| F|  |TAMS 0x0000000084200000| PB 0x0000000084200000| Untracked 
|  55|0x0000000084300000, 0x0000000084300000, 0x0000000084400000|  0%| F|  |TAMS 0x0000000084300000| PB 0x0000000084300000| Untracked 
|  56|0x0000000084400000, 0x0000000084400000, 0x0000000084500000|  0%| F|  |TAMS 0x0000000084400000| PB 0x0000000084400000| Untracked 
|  57|0x0000000084500000, 0x0000000084500000, 0x0000000084600000|  0%| F|  |TAMS 0x0000000084500000| PB 0x0000000084500000| Untracked 
|  58|0x0000000084600000, 0x0000000084600000, 0x0000000084700000|  0%| F|  |TAMS 0x0000000084600000| PB 0x0000000084600000| Untracked 
|  59|0x0000000084700000, 0x0000000084700000, 0x0000000084800000|  0%| F|  |TAMS 0x0000000084700000| PB 0x0000000084700000| Untracked 
|  60|0x0000000084800000, 0x0000000084800000, 0x0000000084900000|  0%| F|  |TAMS 0x0000000084800000| PB 0x0000000084800000| Untracked 
|  61|0x0000000084900000, 0x0000000084900000, 0x0000000084a00000|  0%| F|  |TAMS 0x0000000084900000| PB 0x0000000084900000| Untracked 
|  62|0x0000000084a00000, 0x0000000084a00000, 0x0000000084b00000|  0%| F|  |TAMS 0x0000000084a00000| PB 0x0000000084a00000| Untracked 
|  63|0x0000000084b00000, 0x0000000084b00000, 0x0000000084c00000|  0%| F|  |TAMS 0x0000000084b00000| PB 0x0000000084b00000| Untracked 
|  64|0x0000000084c00000, 0x0000000084c00000, 0x0000000084d00000|  0%| F|  |TAMS 0x0000000084c00000| PB 0x0000000084c00000| Untracked 
|  65|0x0000000084d00000, 0x0000000084d00000, 0x0000000084e00000|  0%| F|  |TAMS 0x0000000084d00000| PB 0x0000000084d00000| Untracked 
|  66|0x0000000084e00000, 0x0000000084e00000, 0x0000000084f00000|  0%| F|  |TAMS 0x0000000084e00000| PB 0x0000000084e00000| Untracked 
|  67|0x0000000084f00000, 0x0000000084f00000, 0x0000000085000000|  0%| F|  |TAMS 0x0000000084f00000| PB 0x0000000084f00000| Untracked 
|  68|0x0000000085000000, 0x0000000085000000, 0x0000000085100000|  0%| F|  |TAMS 0x0000000085000000| PB 0x0000000085000000| Untracked 
|  69|0x0000000085100000, 0x0000000085100000, 0x0000000085200000|  0%| F|  |TAMS 0x0000000085100000| PB 0x0000000085100000| Untracked 
|  70|0x0000000085200000, 0x0000000085200000, 0x0000000085300000|  0%| F|  |TAMS 0x0000000085200000| PB 0x0000000085200000| Untracked 
|  71|0x0000000085300000, 0x0000000085300000, 0x0000000085400000|  0%| F|  |TAMS 0x0000000085300000| PB 0x0000000085300000| Untracked 
|  72|0x0000000085400000, 0x0000000085400000, 0x0000000085500000|  0%| F|  |TAMS 0x0000000085400000| PB 0x0000000085400000| Untracked 
|  73|0x0000000085500000, 0x0000000085500000, 0x0000000085600000|  0%| F|  |TAMS 0x0000000085500000| PB 0x0000000085500000| Untracked 
|  74|0x0000000085600000, 0x0000000085600000, 0x0000000085700000|  0%| F|  |TAMS 0x0000000085600000| PB 0x0000000085600000| Untracked 
|  75|0x0000000085700000, 0x0000000085700000, 0x0000000085800000|  0%| F|  |TAMS 0x0000000085700000| PB 0x0000000085700000| Untracked 
|  76|0x0000000085800000, 0x0000000085800000, 0x0000000085900000|  0%| F|  |TAMS 0x0000000085800000| PB 0x0000000085800000| Untracked 
|  77|0x0000000085900000, 0x0000000085900000, 0x0000000085a00000|  0%| F|  |TAMS 0x0000000085900000| PB 0x0000000085900000| Untracked 
|  78|0x0000000085a00000, 0x0000000085a00000, 0x0000000085b00000|  0%| F|  |TAMS 0x0000000085a00000| PB 0x0000000085a00000| Untracked 
|  79|0x0000000085b00000, 0x0000000085b00000, 0x0000000085c00000|  0%| F|  |TAMS 0x0000000085b00000| PB 0x0000000085b00000| Untracked 
|  80|0x0000000085c00000, 0x0000000085c00000, 0x0000000085d00000|  0%| F|  |TAMS 0x0000000085c00000| PB 0x0000000085c00000| Untracked 
|  81|0x0000000085d00000, 0x0000000085d00000, 0x0000000085e00000|  0%| F|  |TAMS 0x0000000085d00000| PB 0x0000000085d00000| Untracked 
|  82|0x0000000085e00000, 0x0000000085e00000, 0x0000000085f00000|  0%| F|  |TAMS 0x0000000085e00000| PB 0x0000000085e00000| Untracked 
|  83|0x0000000085f00000, 0x0000000085f00000, 0x0000000086000000|  0%| F|  |TAMS 0x0000000085f00000| PB 0x0000000085f00000| Untracked 
|  84|0x0000000086000000, 0x0000000086000000, 0x0000000086100000|  0%| F|  |TAMS 0x0000000086000000| PB 0x0000000086000000| Untracked 
|  85|0x0000000086100000, 0x0000000086100000, 0x0000000086200000|  0%| F|  |TAMS 0x0000000086100000| PB 0x0000000086100000| Untracked 
|  86|0x0000000086200000, 0x0000000086200000, 0x0000000086300000|  0%| F|  |TAMS 0x0000000086200000| PB 0x0000000086200000| Untracked 
|  87|0x0000000086300000, 0x0000000086300000, 0x0000000086400000|  0%| F|  |TAMS 0x0000000086300000| PB 0x0000000086300000| Untracked 
|  88|0x0000000086400000, 0x0000000086400000, 0x0000000086500000|  0%| F|  |TAMS 0x0000000086400000| PB 0x0000000086400000| Untracked 
|  89|0x0000000086500000, 0x0000000086500000, 0x0000000086600000|  0%| F|  |TAMS 0x0000000086500000| PB 0x0000000086500000| Untracked 
|  90|0x0000000086600000, 0x0000000086600000, 0x0000000086700000|  0%| F|  |TAMS 0x0000000086600000| PB 0x0000000086600000| Untracked 
|  91|0x0000000086700000, 0x0000000086700000, 0x0000000086800000|  0%| F|  |TAMS 0x0000000086700000| PB 0x0000000086700000| Untracked 
|  92|0x0000000086800000, 0x0000000086800000, 0x0000000086900000|  0%| F|  |TAMS 0x0000000086800000| PB 0x0000000086800000| Untracked 
|  93|0x0000000086900000, 0x0000000086900000, 0x0000000086a00000|  0%| F|  |TAMS 0x0000000086900000| PB 0x0000000086900000| Untracked 
|  94|0x0000000086a00000, 0x0000000086a00000, 0x0000000086b00000|  0%| F|  |TAMS 0x0000000086a00000| PB 0x0000000086a00000| Untracked 
|  95|0x0000000086b00000, 0x0000000086b00000, 0x0000000086c00000|  0%| F|  |TAMS 0x0000000086b00000| PB 0x0000000086b00000| Untracked 
|  96|0x0000000086c00000, 0x0000000086c00000, 0x0000000086d00000|  0%| F|  |TAMS 0x0000000086c00000| PB 0x0000000086c00000| Untracked 
|  97|0x0000000086d00000, 0x0000000086d00000, 0x0000000086e00000|  0%| F|  |TAMS 0x0000000086d00000| PB 0x0000000086d00000| Untracked 
|  98|0x0000000086e00000, 0x0000000086e00000, 0x0000000086f00000|  0%| F|  |TAMS 0x0000000086e00000| PB 0x0000000086e00000| Untracked 
|  99|0x0000000086f00000, 0x0000000086f00000, 0x0000000087000000|  0%| F|  |TAMS 0x0000000086f00000| PB 0x0000000086f00000| Untracked 
| 100|0x0000000087000000, 0x0000000087000000, 0x0000000087100000|  0%| F|  |TAMS 0x0000000087000000| PB 0x0000000087000000| Untracked 
| 101|0x0000000087100000, 0x0000000087100000, 0x0000000087200000|  0%| F|  |TAMS 0x0000000087100000| PB 0x0000000087100000| Untracked 
| 102|0x0000000087200000, 0x0000000087200000, 0x0000000087300000|  0%| F|  |TAMS 0x0000000087200000| PB 0x0000000087200000| Untracked 
| 103|0x0000000087300000, 0x0000000087300000, 0x0000000087400000|  0%| F|  |TAMS 0x0000000087300000| PB 0x0000000087300000| Untracked 
| 104|0x0000000087400000, 0x0000000087400000, 0x0000000087500000|  0%| F|  |TAMS 0x0000000087400000| PB 0x0000000087400000| Untracked 
| 105|0x0000000087500000, 0x0000000087500000, 0x0000000087600000|  0%| F|  |TAMS 0x0000000087500000| PB 0x0000000087500000| Untracked 
| 106|0x0000000087600000, 0x0000000087600000, 0x0000000087700000|  0%| F|  |TAMS 0x0000000087600000| PB 0x0000000087600000| Untracked 
| 107|0x0000000087700000, 0x0000000087700000, 0x0000000087800000|  0%| F|  |TAMS 0x0000000087700000| PB 0x0000000087700000| Untracked 
| 108|0x0000000087800000, 0x0000000087800000, 0x0000000087900000|  0%| F|  |TAMS 0x0000000087800000| PB 0x0000000087800000| Untracked 
| 109|0x0000000087900000, 0x0000000087900000, 0x0000000087a00000|  0%| F|  |TAMS 0x0000000087900000| PB 0x0000000087900000| Untracked 
| 110|0x0000000087a00000, 0x0000000087a00000, 0x0000000087b00000|  0%| F|  |TAMS 0x0000000087a00000| PB 0x0000000087a00000| Untracked 
| 111|0x0000000087b00000, 0x0000000087b00000, 0x0000000087c00000|  0%| F|  |TAMS 0x0000000087b00000| PB 0x0000000087b00000| Untracked 
| 112|0x0000000087c00000, 0x0000000087c00000, 0x0000000087d00000|  0%| F|  |TAMS 0x0000000087c00000| PB 0x0000000087c00000| Untracked 
| 113|0x0000000087d00000, 0x0000000087e00000, 0x0000000087e00000|100%| S|CS|TAMS 0x0000000087d00000| PB 0x0000000087d00000| Complete 
| 114|0x0000000087e00000, 0x0000000087f00000, 0x0000000087f00000|100%| S|CS|TAMS 0x0000000087e00000| PB 0x0000000087e00000| Complete 
| 115|0x0000000087f00000, 0x0000000087f00000, 0x0000000088000000|  0%| F|  |TAMS 0x0000000087f00000| PB 0x0000000087f00000| Untracked 
| 116|0x0000000088000000, 0x0000000088000000, 0x0000000088100000|  0%| F|  |TAMS 0x0000000088000000| PB 0x0000000088000000| Untracked 
| 117|0x0000000088100000, 0x0000000088100000, 0x0000000088200000|  0%| F|  |TAMS 0x0000000088100000| PB 0x0000000088100000| Untracked 
| 118|0x0000000088200000, 0x0000000088200000, 0x0000000088300000|  0%| F|  |TAMS 0x0000000088200000| PB 0x0000000088200000| Untracked 
| 119|0x0000000088300000, 0x0000000088300000, 0x0000000088400000|  0%| F|  |TAMS 0x0000000088300000| PB 0x0000000088300000| Untracked 
| 120|0x0000000088400000, 0x0000000088400000, 0x0000000088500000|  0%| F|  |TAMS 0x0000000088400000| PB 0x0000000088400000| Untracked 
| 121|0x0000000088500000, 0x0000000088500000, 0x0000000088600000|  0%| F|  |TAMS 0x0000000088500000| PB 0x0000000088500000| Untracked 
| 122|0x0000000088600000, 0x0000000088600000, 0x0000000088700000|  0%| F|  |TAMS 0x0000000088600000| PB 0x0000000088600000| Untracked 
| 123|0x0000000088700000, 0x0000000088700000, 0x0000000088800000|  0%| F|  |TAMS 0x0000000088700000| PB 0x0000000088700000| Untracked 
| 124|0x0000000088800000, 0x0000000088800000, 0x0000000088900000|  0%| F|  |TAMS 0x0000000088800000| PB 0x0000000088800000| Untracked 
| 125|0x0000000088900000, 0x0000000088900000, 0x0000000088a00000|  0%| F|  |TAMS 0x0000000088900000| PB 0x0000000088900000| Untracked 
| 126|0x0000000088a00000, 0x0000000088a795d8, 0x0000000088b00000| 47%| E|  |TAMS 0x0000000088a00000| PB 0x0000000088a00000| Complete 
| 127|0x0000000088b00000, 0x0000000088c00000, 0x0000000088c00000|100%| E|CS|TAMS 0x0000000088b00000| PB 0x0000000088b00000| Complete 

Card table byte_map: [0x0000000015e60000,0x0000000016260000] _byte_map_base: 0x0000000015a5a000

Marking Bits: (CMBitMap*) 0x000000000014f120
 Bits: [0x0000000016260000, 0x0000000018230000)

Polling page: 0x0000000000440000

Metaspace:

Usage:
  Non-class:     14.84 MB used.
      Class:      1.62 MB used.
       Both:     16.47 MB used.

Virtual space:
  Non-class space:       64.00 MB reserved,      14.94 MB ( 23%) committed,  1 nodes.
      Class space:        1.00 GB reserved,       1.75 MB ( <1%) committed,  1 nodes.
             Both:        1.06 GB reserved,      16.69 MB (  2%) committed. 

Chunk freelists:
   Non-Class:  912.00 KB
       Class:  14.17 MB
        Both:  15.06 MB

MaxMetaspaceSize: unlimited
CompressedClassSpaceSize: 1.00 GB
Initial GC threshold: 21.00 MB
Current GC threshold: 21.00 MB
CDS: off
 - commit_granule_bytes: 65536.
 - commit_granule_words: 8192.
 - virtual_space_node_default_size: 8388608.
 - enlarge_chunks_in_place: 1.
 - use_allocation_guard: 0.


Internal statistics:

num_allocs_failed_limit: 0.
num_arena_births: 222.
num_arena_deaths: 0.
num_vsnodes_births: 2.
num_vsnodes_deaths: 0.
num_space_committed: 267.
num_space_uncommitted: 0.
num_chunks_returned_to_freelist: 0.
num_chunks_taken_from_freelist: 408.
num_chunk_merges: 0.
num_chunk_splits: 220.
num_chunks_enlarged: 91.
num_inconsistent_stats: 0.

CodeHeap 'non-profiled nmethods': size=120000Kb used=350Kb max_used=350Kb free=119649Kb
 bounds [0x000000000e310000, 0x000000000e580000, 0x0000000015840000]
CodeHeap 'profiled nmethods': size=120000Kb used=1729Kb max_used=1729Kb free=118270Kb
 bounds [0x0000000006840000, 0x0000000006ab0000, 0x000000000dd70000]
CodeHeap 'non-nmethods': size=5760Kb used=1428Kb max_used=1450Kb free=4331Kb
 bounds [0x000000000dd70000, 0x000000000dfe0000, 0x000000000e310000]
 total_blobs=1608 nmethods=1093 adapters=420
 compilation: enabled
              stopped_count=0, restarted_count=0
 full_count=0

Compilation events (20 events):
Event: 0.604 Thread 0x000000001b0271d0 nmethod 1091 0x00000000069ef210 code [0x00000000069ef3c0, 0x00000000069ef700]
Event: 0.606 Thread 0x000000001b3f45f0 nmethod 1067 0x000000000e364890 code [0x000000000e364a40, 0x000000000e365530]
Event: 0.606 Thread 0x000000001b3f45f0 1089       4       sun.security.util.math.intpoly.IntegerPolynomial$MutableElement::setProduct (6 bytes)
Event: 0.608 Thread 0x000000001b0271d0 1092       3       sun.security.util.ArrayUtil::swap (15 bytes)
Event: 0.608 Thread 0x000000001b0271d0 nmethod 1092 0x00000000069ef810 code [0x00000000069ef9c0, 0x00000000069efb08]
Event: 0.609 Thread 0x000000001b026090 nmethod 1076 0x000000000e365790 code [0x000000000e365960, 0x000000000e365dd8]
Event: 0.609 Thread 0x000000001b026090 1081       4       sun.security.util.math.intpoly.IntegerPolynomial$MutableElement::setSquare (52 bytes)
Event: 0.610 Thread 0x000000001b026090 nmethod 1081 0x000000000e366090 code [0x000000000e366240, 0x000000000e366388]
Event: 0.610 Thread 0x000000001b026090 1084       4       sun.security.util.math.intpoly.IntegerPolynomial$MutableElement::setSquare (5 bytes)
Event: 0.611 Thread 0x000000001b026090 nmethod 1084 0x000000000e366490 code [0x000000000e366640, 0x000000000e366788]
Event: 0.611 Thread 0x000000001b026090 1082       4       sun.security.util.math.intpoly.IntegerPolynomialP256::square (613 bytes)
Event: 0.613 Thread 0x000000001b3f45f0 nmethod 1089 0x000000000e366910 code [0x000000000e366ae0, 0x000000000e366f58]
Event: 0.613 Thread 0x000000001b3f45f0 1087       4       sun.security.ec.point.ProjectivePoint$Mutable::conditionalSet (53 bytes)
Event: 0.615 Thread 0x000000001b026090 nmethod 1082 0x000000000e367210 code [0x000000000e3673c0, 0x000000000e367950]
Event: 0.617 Thread 0x000000001b026090 1093       4       sun.security.ec.ECOperations::setDouble (463 bytes)
Event: 0.617 Thread 0x000000001b0271d0 1094       3       sun.security.util.math.intpoly.IntegerPolynomial::get0 (10 bytes)
Event: 0.618 Thread 0x000000001b0271d0 nmethod 1094 0x00000000069efc10 code [0x00000000069efdc0, 0x00000000069effc0]
Event: 0.618 Thread 0x000000001b0271d0 1095       3       sun.security.util.math.intpoly.IntegerPolynomial::get0 (5 bytes)
Event: 0.618 Thread 0x000000001b0271d0 nmethod 1095 0x00000000069f0090 code [0x00000000069f0240, 0x00000000069f0518]
Event: 0.633 Thread 0x000000001b0271d0 1099       3       sun.security.ec.ECOperations$PointMultiplier$Secp256R1GeneratorMultiplier::bit (13 bytes)

GC Heap History (2 events):
Event: 0.555 GC heap before
{Heap before GC invocations=0 (full 0):
 garbage-first heap   total 131072K, used 12288K [0x0000000080c00000, 0x0000000100000000)
  region size 1024K, 13 young (13312K), 0 survivors (0K)
 Metaspace       used 16512K, committed 16768K, reserved 1114112K
  class space    used 1628K, committed 1728K, reserved 1048576K
}
Event: 0.559 GC heap after
{Heap after GC invocations=1 (full 0):
 garbage-first heap   total 131072K, used 2495K [0x0000000080c00000, 0x0000000100000000)
  region size 1024K, 2 young (2048K), 2 survivors (2048K)
 Metaspace       used 16512K, committed 16768K, reserved 1114112K
  class space    used 1628K, committed 1728K, reserved 1048576K
}

Dll operation events (2 events):
Event: 0.005 Loaded shared library C:\Program Files\JetBrains\PyCharm Community Edition 2024.2.1\jbr\bin\java.dll
Event: 0.009 Loaded shared library C:\Program Files\JetBrains\PyCharm Community Edition 2024.2.1\jbr\bin\zip.dll

Deoptimization events (16 events):
Event: 0.222 Thread 0x00000000000edb70 Uncommon trap: trap_request=0xffffff45 fr.pc=0x000000000e321694 relative=0x0000000000000074
Event: 0.222 Thread 0x00000000000edb70 Uncommon trap: reason=unstable_if action=reinterpret pc=0x000000000e321694 method=java.lang.CharacterDataLatin1.toLowerCase(I)I @ 16 c2
Event: 0.222 Thread 0x00000000000edb70 DEOPT PACKING pc=0x000000000e321694 sp=0x000000000220b2f0
Event: 0.222 Thread 0x00000000000edb70 DEOPT UNPACKING pc=0x000000000ddc46a2 sp=0x000000000220b280 mode 2
Event: 0.284 Thread 0x00000000000edb70 Uncommon trap: trap_request=0xffffff45 fr.pc=0x000000000e3168e0 relative=0x00000000000000c0
Event: 0.284 Thread 0x00000000000edb70 Uncommon trap: reason=unstable_if action=reinterpret pc=0x000000000e3168e0 method=java.lang.String.isLatin1()Z @ 10 c2
Event: 0.284 Thread 0x00000000000edb70 DEOPT PACKING pc=0x000000000e3168e0 sp=0x000000000220de90
Event: 0.284 Thread 0x00000000000edb70 DEOPT UNPACKING pc=0x000000000ddc46a2 sp=0x000000000220ddd0 mode 2
Event: 0.284 Thread 0x00000000000edb70 Uncommon trap: trap_request=0xffffff45 fr.pc=0x000000000e313b0c relative=0x000000000000006c
Event: 0.284 Thread 0x00000000000edb70 Uncommon trap: reason=unstable_if action=reinterpret pc=0x000000000e313b0c method=java.lang.String.isLatin1()Z @ 10 c2
Event: 0.284 Thread 0x00000000000edb70 DEOPT PACKING pc=0x000000000e313b0c sp=0x000000000220de40
Event: 0.284 Thread 0x00000000000edb70 DEOPT UNPACKING pc=0x000000000ddc46a2 sp=0x000000000220ddd0 mode 2
Event: 0.348 Thread 0x00000000000edb70 DEOPT PACKING pc=0x000000000685abf8 sp=0x000000000220c390
Event: 0.348 Thread 0x00000000000edb70 DEOPT UNPACKING pc=0x000000000ddc4e42 sp=0x000000000220b7b0 mode 0
Event: 0.364 Thread 0x00000000000edb70 DEOPT PACKING pc=0x00000000068597d8 sp=0x000000000220d640
Event: 0.364 Thread 0x00000000000edb70 DEOPT UNPACKING pc=0x000000000ddc4e42 sp=0x000000000220caa8 mode 0

Classes loaded (20 events):
Event: 0.634 Loading class sun/security/ssl/KeyShareExtension$CHKeyShareSpec done
Event: 0.634 Loading class sun/security/ssl/SSLEngineOutputRecord$HandshakeFragment
Event: 0.634 Loading class sun/security/ssl/SSLEngineOutputRecord$HandshakeFragment done
Event: 0.634 Loading class sun/security/ssl/SSLEngineOutputRecord$HandshakeMemo
Event: 0.634 Loading class sun/security/ssl/SSLEngineOutputRecord$RecordMemo
Event: 0.634 Loading class sun/security/ssl/SSLEngineOutputRecord$RecordMemo done
Event: 0.634 Loading class sun/security/ssl/SSLEngineOutputRecord$HandshakeMemo done
Event: 0.634 Loading class sun/security/ssl/ContentType
Event: 0.634 Loading class sun/security/ssl/ContentType done
Event: 0.634 Loading class javax/net/ssl/SSLEngineResult$HandshakeStatus
Event: 0.635 Loading class javax/net/ssl/SSLEngineResult$HandshakeStatus done
Event: 0.635 Loading class sun/security/ssl/OutputRecord$T13PaddingHolder
Event: 0.635 Loading class sun/security/ssl/OutputRecord$T13PaddingHolder done
Event: 0.635 Loading class sun/security/ssl/Ciphertext
Event: 0.635 Loading class sun/security/ssl/Ciphertext done
Event: 0.635 Loading class sun/security/ssl/PostHandshakeContext
Event: 0.635 Loading class sun/security/ssl/PostHandshakeContext done
Event: 0.635 Loading class javax/net/ssl/SSLEngineResult$Status
Event: 0.635 Loading class javax/net/ssl/SSLEngineResult$Status done
Event: 0.635 Loading class javax/net/ssl/SSLEngineResult

Classes unloaded (0 events):
No events

Classes redefined (0 events):
No events

Internal exceptions (20 events):
Event: 0.348 Thread 0x00000000000edb70 Exception <a 'java/lang/NoSuchMethodError'{0x000000008852d890}: 'int java.lang.invoke.DirectMethodHandle$Holder.invokeVirtual(java.lang.Object, java.lang.Object)'> (0x000000008852d890) 
thrown [s\src\hotspot\share\interpreter\linkResolver.cpp, line 784]
Event: 0.349 Thread 0x00000000000edb70 Exception <a 'java/lang/NoSuchMethodError'{0x0000000088531af8}: 'int java.lang.invoke.DirectMethodHandle$Holder.invokeStaticInit(java.lang.Object, int, int)'> (0x0000000088531af8) 
thrown [s\src\hotspot\share\interpreter\linkResolver.cpp, line 784]
Event: 0.349 Thread 0x00000000000edb70 Exception <a 'java/lang/NoSuchMethodError'{0x0000000088538eb8}: 'int java.lang.invoke.DirectMethodHandle$Holder.invokeStaticInit(java.lang.Object, long, long)'> (0x0000000088538eb8) 
thrown [s\src\hotspot\share\interpreter\linkResolver.cpp, line 784]
Event: 0.350 Thread 0x00000000000edb70 Exception <a 'java/lang/NoSuchMethodError'{0x000000008853f7d0}: 'int java.lang.invoke.DirectMethodHandle$Holder.invokeStaticInit(java.lang.Object, float, float)'> (0x000000008853f7d0) 
thrown [s\src\hotspot\share\interpreter\linkResolver.cpp, line 784]
Event: 0.351 Thread 0x00000000000edb70 Exception <a 'java/lang/NoSuchMethodError'{0x0000000088546320}: 'int java.lang.invoke.DirectMethodHandle$Holder.invokeStaticInit(java.lang.Object, double, double)'> (0x0000000088546320) 
thrown [s\src\hotspot\share\interpreter\linkResolver.cpp, line 784]
Event: 0.351 Thread 0x00000000000edb70 Exception <a 'java/lang/NoSuchMethodError'{0x000000008854a8d0}: 'int java.lang.invoke.DirectMethodHandle$Holder.invokeStatic(java.lang.Object, long)'> (0x000000008854a8d0) 
thrown [s\src\hotspot\share\interpreter\linkResolver.cpp, line 784]
Event: 0.357 Thread 0x00000000000edb70 Exception <a 'java/lang/NoSuchMethodError'{0x0000000088576750}: 'java.lang.Object java.lang.invoke.DelegatingMethodHandle$Holder.delegate(java.lang.Object, int, java.lang.Object, java.lang.Object)'> (0x0000000088576750) 
thrown [s\src\hotspot\share\interpreter\linkResolver.cpp, line 784]
Event: 0.358 Thread 0x00000000000edb70 Exception <a 'java/lang/NoSuchMethodError'{0x0000000088585860}: 'int java.lang.invoke.Invokers$Holder.linkToTargetMethod(java.lang.Object, java.lang.Object, java.lang.Object)'> (0x0000000088585860) 
thrown [s\src\hotspot\share\interpreter\linkResolver.cpp, line 784]
Event: 0.362 Thread 0x00000000000edb70 Exception <a 'java/lang/NoSuchMethodError'{0x00000000885b7368}: 'long java.lang.invoke.DirectMethodHandle$Holder.invokeSpecial(java.lang.Object, java.lang.Object)'> (0x00000000885b7368) 
thrown [s\src\hotspot\share\interpreter\linkResolver.cpp, line 784]
Event: 0.363 Thread 0x00000000000edb70 Exception <a 'java/lang/NoSuchMethodError'{0x00000000885bda68}: 'int java.lang.invoke.DirectMethodHandle$Holder.invokeStatic(java.lang.Object, java.lang.Object, java.lang.Object, java.lang.Object)'> (0x00000000885bda68) 
thrown [s\src\hotspot\share\interpreter\linkResolver.cpp, line 784]
Event: 0.364 Thread 0x00000000000edb70 Exception <a 'java/lang/NoSuchMethodError'{0x00000000885c0e38}: 'java.lang.Object java.lang.invoke.Invokers$Holder.invokeExact_MT(java.lang.Object, java.lang.Object, java.lang.Object, java.lang.Object, java.lang.Object, java.lang.Object)'> (0x00000000885c0e38) 
thrown [s\src\hotspot\share\interpreter\linkResolver.cpp, line 784]
Event: 0.445 Thread 0x00000000000edb70 Exception <a 'java/lang/NoSuchMethodError'{0x00000000882178c8}: 'java.lang.Object java.lang.invoke.DirectMethodHandle$Holder.newInvokeSpecial(java.lang.Object, java.lang.Object, java.lang.Object, java.lang.Object, java.lang.Object)'> (0x00000000882178c8) 
thrown [s\src\hotspot\share\interpreter\linkResolver.cpp, line 784]
Event: 0.481 Thread 0x00000000000edb70 Exception <a 'java/lang/NoSuchMethodError'{0x0000000088195d78}: 'java.lang.Object java.lang.invoke.DirectMethodHandle$Holder.invokeSpecial(java.lang.Object, java.lang.Object, java.lang.Object, java.lang.Object, int)'> (0x0000000088195d78) 
thrown [s\src\hotspot\share\interpreter\linkResolver.cpp, line 784]
Event: 0.482 Thread 0x00000000000edb70 Exception <a 'java/lang/NoSuchMethodError'{0x00000000881996c0}: 'java.lang.Object java.lang.invoke.Invokers$Holder.linkToTargetMethod(java.lang.Object, java.lang.Object, int, java.lang.Object)'> (0x00000000881996c0) 
thrown [s\src\hotspot\share\interpreter\linkResolver.cpp, line 784]
Event: 0.489 Thread 0x00000000000edb70 Exception <a 'java/lang/NoSuchMethodError'{0x00000000881c7630}: 'void java.lang.invoke.DirectMethodHandle$Holder.invokeSpecial(java.lang.Object, java.lang.Object, java.lang.Object)'> (0x00000000881c7630) 
thrown [s\src\hotspot\share\interpreter\linkResolver.cpp, line 784]
Event: 0.500 Thread 0x00000000000edb70 Exception <a 'java/lang/NoSuchMethodError'{0x00000000880476b0}: 'void java.lang.invoke.DirectMethodHandle$Holder.invokeSpecial(java.lang.Object, java.lang.Object, java.lang.Object, java.lang.Object, java.lang.Object)'> (0x00000000880476b0) 
thrown [s\src\hotspot\share\interpreter\linkResolver.cpp, line 784]
Event: 0.501 Thread 0x0000000020b26550 Exception <a 'java/lang/NoSuchMethodError'{0x00000000883eefd0}: 'void java.lang.invoke.DirectMethodHandle$Holder.invokeStatic(java.lang.Object, java.lang.Object, int)'> (0x00000000883eefd0) 
thrown [s\src\hotspot\share\interpreter\linkResolver.cpp, line 784]
Event: 0.509 Thread 0x0000000020b26550 Exception <a 'java/lang/NoSuchMethodError'{0x00000000880b03e8}: 'void java.lang.invoke.DirectMethodHandle$Holder.invokeStatic(java.lang.Object, java.lang.Object)'> (0x00000000880b03e8) 
thrown [s\src\hotspot\share\interpreter\linkResolver.cpp, line 784]
Event: 0.510 Thread 0x0000000020bb0020 Exception <a 'java/lang/NoSuchMethodError'{0x00000000880ef080}: 'void java.lang.invoke.DirectMethodHandle$Holder.invokeInterface(java.lang.Object, java.lang.Object, java.lang.Object)'> (0x00000000880ef080) 
thrown [s\src\hotspot\share\interpreter\linkResolver.cpp, line 784]
Event: 0.516 Thread 0x0000000020bb0020 Exception <a 'java/lang/NoSuchMethodError'{0x0000000087f40a50}: 'void java.lang.invoke.DirectMethodHandle$Holder.invokeVirtual(java.lang.Object, java.lang.Object)'> (0x0000000087f40a50) 
thrown [s\src\hotspot\share\interpreter\linkResolver.cpp, line 784]

ZGC Phase Switch (0 events):
No events

VM Operations (10 events):
Event: 0.111 Executing VM operation: HandshakeAllThreads (Deoptimize)
Event: 0.111 Executing VM operation: HandshakeAllThreads (Deoptimize) done
Event: 0.120 Executing VM operation: HandshakeAllThreads (Deoptimize)
Event: 0.120 Executing VM operation: HandshakeAllThreads (Deoptimize) done
Event: 0.279 Executing VM operation: HandshakeAllThreads (Deoptimize)
Event: 0.279 Executing VM operation: HandshakeAllThreads (Deoptimize) done
Event: 0.505 Executing VM operation: HandshakeAllThreads (Deoptimize)
Event: 0.505 Executing VM operation: HandshakeAllThreads (Deoptimize) done
Event: 0.555 Executing VM operation: G1CollectForAllocation (G1 Evacuation Pause)
Event: 0.559 Executing VM operation: G1CollectForAllocation (G1 Evacuation Pause) done

Events (20 events):
Event: 0.054 Thread 0x000000001b2d5270 Thread added: 0x000000001b2d5270
Event: 0.054 Thread 0x000000001b2d6500 Thread added: 0x000000001b2d6500
Event: 0.055 Thread 0x000000001b03e190 Thread added: 0x000000001b03e190
Event: 0.055 Thread 0x000000001b03ebf0 Thread added: 0x000000001b03ebf0
Event: 0.056 Thread 0x000000001b03fbc0 Thread added: 0x000000001b03fbc0
Event: 0.056 Thread 0x000000001b024890 Thread added: 0x000000001b024890
Event: 0.056 Thread 0x000000001b026090 Thread added: 0x000000001b026090
Event: 0.056 Thread 0x000000001b0271d0 Thread added: 0x000000001b0271d0
Event: 0.085 Thread 0x000000001b473ea0 Thread added: 0x000000001b473ea0
Event: 0.091 Thread 0x000000001b47b6d0 Thread added: 0x000000001b47b6d0
Event: 0.098 Loaded shared library C:\Program Files\JetBrains\PyCharm Community Edition 2024.2.1\jbr\bin\net.dll
Event: 0.100 Loaded shared library C:\Program Files\JetBrains\PyCharm Community Edition 2024.2.1\jbr\bin\nio.dll
Event: 0.106 Loaded shared library C:\Program Files\JetBrains\PyCharm Community Edition 2024.2.1\jbr\bin\zip.dll
Event: 0.174 Loaded shared library C:\Program Files\JetBrains\PyCharm Community Edition 2024.2.1\jbr\bin\jimage.dll
Event: 0.293 Thread 0x000000001b3f45f0 Thread added: 0x000000001b3f45f0
Event: 0.395 Loaded shared library C:\Program Files\JetBrains\PyCharm Community Edition 2024.2.1\jbr\bin\sunmscapi.dll
Event: 0.434 Loaded shared library C:\Program Files\JetBrains\PyCharm Community Edition 2024.2.1\jbr\bin\extnet.dll
Event: 0.440 Thread 0x0000000020b26550 Thread added: 0x0000000020b26550
Event: 0.508 Thread 0x0000000020bb0020 Thread added: 0x0000000020bb0020
Event: 0.522 Thread 0x0000000020bba410 Thread added: 0x0000000020bba410


Dynamic libraries:
0x000000013f6e0000 - 0x000000013f6ea000 	C:\Program Files\JetBrains\PyCharm Community Edition 2024.2.1\jbr\bin\java.exe
0x0000000076d10000 - 0x0000000076eaf000 	C:\Windows\SYSTEM32\ntdll.dll
0x0000000076ab0000 - 0x0000000076bcf000 	C:\Windows\system32\kernel32.dll
0x000007fefca20000 - 0x000007fefca87000 	C:\Windows\system32\KERNELBASE.dll
0x000007fef1f90000 - 0x000007fef1fa8000 	C:\Program Files\JetBrains\PyCharm Community Edition 2024.2.1\jbr\bin\jli.dll
0x000007fefac40000 - 0x000007fefae35000 	C:\Windows\WinSxS\amd64_microsoft.windows.common-controls_6595b64144ccf1df_6.0.7601.24483_none_e372d88f30fbb845\COMCTL32.dll
0x000007fefe4c0000 - 0x000007fefe55f000 	C:\Windows\system32\msvcrt.dll
0x000007fefca90000 - 0x000007fefcaf7000 	C:\Windows\system32\GDI32.dll
0x00000000769b0000 - 0x0000000076aaa000 	C:\Windows\system32\USER32.dll
0x000007fefedc0000 - 0x000007fefedce000 	C:\Windows\system32\LPK.dll
0x000007fefeb70000 - 0x000007fefec3b000 	C:\Windows\system32\USP10.dll
0x000007fefceb0000 - 0x000007fefcf21000 	C:\Windows\system32\SHLWAPI.dll
0x000007fef6240000 - 0x000007fef625b000 	C:\Program Files\JetBrains\PyCharm Community Edition 2024.2.1\jbr\bin\VCRUNTIME140.dll
0x000007fef66e0000 - 0x000007fef66e4000 	C:\Program Files\JetBrains\PyCharm Community Edition 2024.2.1\jbr\bin\api-ms-win-crt-runtime-l1-1-0.dll
0x000007fee3580000 - 0x000007fee3675000 	C:\Program Files\JetBrains\PyCharm Community Edition 2024.2.1\jbr\bin\ucrtbase.DLL
0x000007fef6870000 - 0x000007fef6873000 	C:\Program Files\JetBrains\PyCharm Community Edition 2024.2.1\jbr\bin\api-ms-win-core-timezone-l1-1-0.dll
0x000007fef6500000 - 0x000007fef6503000 	C:\Program Files\JetBrains\PyCharm Community Edition 2024.2.1\jbr\bin\api-ms-win-core-file-l2-1-0.dll
0x000007fef1f60000 - 0x000007fef1f63000 	C:\Program Files\JetBrains\PyCharm Community Edition 2024.2.1\jbr\bin\api-ms-win-core-localization-l1-2-0.dll
0x000007fef07d0000 - 0x000007fef07d3000 	C:\Program Files\JetBrains\PyCharm Community Edition 2024.2.1\jbr\bin\api-ms-win-core-synch-l1-2-0.dll
0x000007fef07c0000 - 0x000007fef07c3000 	C:\Program Files\JetBrains\PyCharm Community Edition 2024.2.1\jbr\bin\api-ms-win-core-processthreads-l1-1-1.dll
0x000007fee3570000 - 0x000007fee3573000 	C:\Program Files\JetBrains\PyCharm Community Edition 2024.2.1\jbr\bin\api-ms-win-core-file-l1-2-0.dll
0x000007fee3560000 - 0x000007fee3563000 	C:\Program Files\JetBrains\PyCharm Community Edition 2024.2.1\jbr\bin\api-ms-win-crt-heap-l1-1-0.dll
0x000007fee3550000 - 0x000007fee3554000 	C:\Program Files\JetBrains\PyCharm Community Edition 2024.2.1\jbr\bin\api-ms-win-crt-string-l1-1-0.dll
0x000007fee3540000 - 0x000007fee3544000 	C:\Program Files\JetBrains\PyCharm Community Edition 2024.2.1\jbr\bin\api-ms-win-crt-stdio-l1-1-0.dll
0x000007fee34c0000 - 0x000007fee34c4000 	C:\Program Files\JetBrains\PyCharm Community Edition 2024.2.1\jbr\bin\api-ms-win-crt-convert-l1-1-0.dll
0x000007fee34b0000 - 0x000007fee34b3000 	C:\Program Files\JetBrains\PyCharm Community Edition 2024.2.1\jbr\bin\api-ms-win-crt-environment-l1-1-0.dll
0x000007fee30a0000 - 0x000007fee30a3000 	C:\Program Files\JetBrains\PyCharm Community Edition 2024.2.1\jbr\bin\api-ms-win-crt-filesystem-l1-1-0.dll
0x000007fee3090000 - 0x000007fee3095000 	C:\Program Files\JetBrains\PyCharm Community Edition 2024.2.1\jbr\bin\api-ms-win-crt-math-l1-1-0.dll
0x000007fee3010000 - 0x000007fee3013000 	C:\Program Files\JetBrains\PyCharm Community Edition 2024.2.1\jbr\bin\api-ms-win-crt-locale-l1-1-0.dll
0x000007fefeaa0000 - 0x000007fefeace000 	C:\Windows\system32\IMM32.DLL
0x000007fefecb0000 - 0x000007fefedbb000 	C:\Windows\system32\MSCTF.dll
0x00000000716c0000 - 0x00000000716cd000 	C:\??\C:\Program Files (x86)\360\360Safe\safemon\SafeWrapper.dll
0x000007fefcdd0000 - 0x000007fefceab000 	C:\Windows\system32\ADVAPI32.dll
0x000007fefe3c0000 - 0x000007fefe3df000 	C:\Windows\SYSTEM32\sechost.dll
0x000007fefcf30000 - 0x000007fefd05c000 	C:\Windows\system32\RPCRT4.dll
0x000007fef81e0000 - 0x000007fef828e000 	C:\Program Files (x86)\360\360Safe\safemon\libzdtp64.dll
0x000007fefd240000 - 0x000007fefdfcb000 	C:\Windows\system32\SHELL32.dll
0x000007fefc200000 - 0x000007fefc20c000 	C:\Windows\system32\VERSION.dll
0x000007fee3000000 - 0x000007fee300c000 	C:\Program Files\JetBrains\PyCharm Community Edition 2024.2.1\jbr\bin\vcruntime140_1.dll
0x000007fee26e0000 - 0x000007fee276d000 	C:\Program Files\JetBrains\PyCharm Community Edition 2024.2.1\jbr\bin\msvcp140.dll
0x000007fee2ff0000 - 0x000007fee2ff3000 	C:\Program Files\JetBrains\PyCharm Community Edition 2024.2.1\jbr\bin\api-ms-win-crt-time-l1-1-0.dll
0x000007fee2fe0000 - 0x000007fee2fe3000 	C:\Program Files\JetBrains\PyCharm Community Edition 2024.2.1\jbr\bin\api-ms-win-crt-utility-l1-1-0.dll
0x000007fee1680000 - 0x000007fee2432000 	C:\Program Files\JetBrains\PyCharm Community Edition 2024.2.1\jbr\bin\server\jvm.dll
0x000007fefc6c0000 - 0x000007fefc6ec000 	C:\Windows\system32\POWRPROF.dll
0x000007fefe1e0000 - 0x000007fefe3b7000 	C:\Windows\system32\SETUPAPI.dll
0x000007fefc9b0000 - 0x000007fefc9e6000 	C:\Windows\system32\CFGMGR32.dll
0x000007fefe3e0000 - 0x000007fefe4bb000 	C:\Windows\system32\OLEAUT32.dll
0x000007fefdfd0000 - 0x000007fefe1cf000 	C:\Windows\system32\ole32.dll
0x000007fefc730000 - 0x000007fefc74a000 	C:\Windows\system32\DEVOBJ.dll
0x000007fefec60000 - 0x000007fefecad000 	C:\Windows\system32\WS2_32.dll
0x000007fefe1d0000 - 0x000007fefe1d8000 	C:\Windows\system32\NSI.dll
0x000007fefc750000 - 0x000007fefc78b000 	C:\Windows\system32\WINMM.dll
0x000007fee2fd0000 - 0x000007fee2fda000 	C:\Program Files\JetBrains\PyCharm Community Edition 2024.2.1\jbr\bin\jimage.dll
0x000007fee3820000 - 0x000007fee3945000 	C:\Windows\system32\DBGHELP.DLL
0x000007fee2c20000 - 0x000007fee2c3f000 	C:\Program Files\JetBrains\PyCharm Community Edition 2024.2.1\jbr\bin\java.dll
0x000007fee2b50000 - 0x000007fee2b68000 	C:\Program Files\JetBrains\PyCharm Community Edition 2024.2.1\jbr\bin\zip.dll
0x000007fefc640000 - 0x000007fefc64f000 	C:\Windows\system32\profapi.dll
0x000007fee2fc0000 - 0x000007fee2fd0000 	C:\Program Files\JetBrains\PyCharm Community Edition 2024.2.1\jbr\bin\net.dll
0x000007fef7a60000 - 0x000007fef7ad1000 	C:\Windows\system32\WINHTTP.dll
0x000007fef79f0000 - 0x000007fef7a55000 	C:\Windows\system32\webio.dll
0x000007fefbd10000 - 0x000007fefbd65000 	C:\Windows\system32\mswsock.dll
0x000007fefb760000 - 0x000007fefb767000 	C:\Windows\System32\wshtcpip.dll
0x000007fefbd00000 - 0x000007fefbd07000 	C:\Windows\System32\wship6.dll
0x000007fee2b00000 - 0x000007fee2b16000 	C:\Program Files\JetBrains\PyCharm Community Edition 2024.2.1\jbr\bin\nio.dll
0x000007fefbd70000 - 0x000007fefbd88000 	C:\Windows\system32\CRYPTSP.dll
0x000007fefba70000 - 0x000007fefbab7000 	C:\Windows\system32\rsaenh.dll
0x000007fefca00000 - 0x000007fefca1f000 	C:\Windows\system32\USERENV.dll
0x000007fefc490000 - 0x000007fefc49f000 	C:\Windows\system32\CRYPTBASE.dll
0x000007fefa0d0000 - 0x000007fefa0f7000 	C:\Windows\system32\IPHLPAPI.DLL
0x000007fefa0c0000 - 0x000007fefa0cb000 	C:\Windows\system32\WINNSI.DLL
0x000007fee2af0000 - 0x000007fee2afe000 	C:\Program Files\JetBrains\PyCharm Community Edition 2024.2.1\jbr\bin\sunmscapi.dll
0x000007fefc790000 - 0x000007fefc8fd000 	C:\Windows\system32\CRYPT32.dll
0x000007fefc630000 - 0x000007fefc63f000 	C:\Windows\system32\MSASN1.dll
0x000007fefbf40000 - 0x000007fefbf90000 	C:\Windows\system32\ncrypt.dll
0x000007fefbf10000 - 0x000007fefbf32000 	C:\Windows\system32\bcrypt.dll
0x000007fee2ad0000 - 0x000007fee2ad9000 	C:\Program Files\JetBrains\PyCharm Community Edition 2024.2.1\jbr\bin\extnet.dll

dbghelp: loaded successfully - version: 4.0.5 - missing functions: none
symbol engine: initialized successfully - sym options: 0x614 - pdb path: .;C:\Program Files\JetBrains\PyCharm Community Edition 2024.2.1\jbr\bin;C:\Windows\SYSTEM32;C:\Windows\WinSxS\amd64_microsoft.windows.common-controls_6595b64144ccf1df_6.0.7601.24483_none_e372d88f30fbb845;C:\??\C:\Program Files (x86)\360\360Safe\safemon;C:\Program Files (x86)\360\360Safe\safemon;C:\Program Files\JetBrains\PyCharm Community Edition 2024.2.1\jbr\bin\server

VM Arguments:
java_command: git4idea.http.GitAskPassApp Username for 'https://github.com': 
java_class_path (initial): C:/Program Files/JetBrains/PyCharm Community Edition 2024.2.1/plugins/vcs-git/lib/git4idea-rt.jar;C:/Program Files/JetBrains/PyCharm Community Edition 2024.2.1/lib/externalProcess-rt.jar
Launcher Type: SUN_STANDARD

[Global flags]
     intx CICompilerCount                          = 3                                         {product} {ergonomic}
     uint ConcGCThreads                            = 1                                         {product} {ergonomic}
     uint G1ConcRefinementThreads                  = 4                                         {product} {ergonomic}
   size_t G1HeapRegionSize                         = 1048576                                   {product} {ergonomic}
    uintx GCDrainStackTargetSize                   = 64                                        {product} {ergonomic}
   size_t InitialHeapSize                          = 134217728                                 {product} {ergonomic}
   size_t MarkStackSize                            = 4194304                                   {product} {ergonomic}
   size_t MaxHeapSize                              = 2134900736                                {product} {ergonomic}
   size_t MaxNewSize                               = 1280311296                                {product} {ergonomic}
   size_t MinHeapDeltaBytes                        = 1048576                                   {product} {ergonomic}
   size_t MinHeapSize                              = 8388608                                   {product} {ergonomic}
    uintx NonNMethodCodeHeapSize                   = 5832780                                {pd product} {ergonomic}
    uintx NonProfiledCodeHeapSize                  = 122912730                              {pd product} {ergonomic}
    uintx ProfiledCodeHeapSize                     = 122912730                              {pd product} {ergonomic}
    uintx ReservedCodeCacheSize                    = 251658240                              {pd product} {ergonomic}
     bool SegmentedCodeCache                       = true                                      {product} {ergonomic}
   size_t SoftMaxHeapSize                          = 2134900736                             {manageable} {ergonomic}
     bool UseCompressedOops                        = true                           {product lp64_product} {ergonomic}
     bool UseG1GC                                  = true                                      {product} {ergonomic}
     bool UseLargePagesIndividualAllocation        = false                                  {pd product} {ergonomic}

Logging:
Log output configuration:
 #0: stdout all=warning uptime,level,tags foldmultilines=false
 #1: stderr all=off uptime,level,tags foldmultilines=false

Environment Variables:
PATH=C:/Program Files/Git/mingw64/libexec/git-core;C:/Program Files/Git/mingw64/libexec/git-core;C:\Program Files\Git\mingw64\bin;C:\Program Files\Git\usr\bin;C:\Users\Administrator\bin;C:\Users\Administrator\PycharmProjects\pythonProject\venv\Scripts;C:\Windows\system32;C:\Windows;C:\Windows\System32\Wbem;C:\Windows\System32\WindowsPowerShell\v1.0\;C:\Program Files\Git\cmd;C:\Users\Administrator\AppData\Local\Programs\Python\Python38\Scripts\;C:\Users\Administrator\AppData\Local\Programs\Python\Python38\
USERNAME=Administrator
DISPLAY=:0.0
LC_ALL=en_US.UTF-8
TERM=cygwin
TMPDIR=C:\Users\Administrator\AppData\Local\Temp
OS=Windows_NT
PROCESSOR_IDENTIFIER=Intel64 Family 6 Model 60 Stepping 3, GenuineIntel
TMP=C:\Users\Administrator\AppData\Local\Temp
TEMP=C:\Users\Administrator\AppData\Local\Temp




Periodic native trim disabled

JNI global refs:
JNI global refs: 22, weak refs: 1

JNI global refs memory usage: 835, weak refs: 833

Process memory usage:
Resident Set Size: 81648K (0% of 8338384K total physical memory with 822892K free physical memory)

OOME stack traces (most recent first):
Classloader memory used:
